{"C:\\Users\\PC\\Projects\\kingflix\\src\\postReservations.js": {"path":"C:\\Users\\PC\\Projects\\kingflix\\src\\postReservations.js","statementMap":{"0":{"start":{"line":5,"column":6},"end":{"line":5,"column":72}},"1":{"start":{"line":6,"column":6},"end":{"line":6,"column":58}},"2":{"start":{"line":7,"column":6},"end":{"line":7,"column":60}},"3":{"start":{"line":8,"column":6},"end":{"line":8,"column":56}},"4":{"start":{"line":9,"column":6},"end":{"line":9,"column":23}},"5":{"start":{"line":13,"column":4},"end":{"line":30,"column":5}},"6":{"start":{"line":14,"column":23},"end":{"line":23,"column":7}},"7":{"start":{"line":25,"column":6},"end":{"line":27,"column":7}},"8":{"start":{"line":26,"column":8},"end":{"line":26,"column":26}},"9":{"start":{"line":29,"column":6},"end":{"line":29,"column":40}},"10":{"start":{"line":33,"column":29},"end":{"line":33,"column":47}},"11":{"start":{"line":34,"column":4},"end":{"line":34,"column":55}},"12":{"start":{"line":38,"column":4},"end":{"line":38,"column":30}},"13":{"start":{"line":39,"column":4},"end":{"line":52,"column":6}},"14":{"start":{"line":40,"column":6},"end":{"line":40,"column":25}},"15":{"start":{"line":41,"column":6},"end":{"line":41,"column":32}},"16":{"start":{"line":42,"column":19},"end":{"line":47,"column":7}},"17":{"start":{"line":48,"column":6},"end":{"line":48,"column":33}},"18":{"start":{"line":49,"column":6},"end":{"line":49,"column":31}},"19":{"start":{"line":50,"column":6},"end":{"line":50,"column":32}},"20":{"start":{"line":51,"column":6},"end":{"line":51,"column":30}}},"fnMap":{"0":{"name":"(anonymous_0)","decl":{"start":{"line":4,"column":4},"end":{"line":4,"column":5}},"loc":{"start":{"line":4,"column":18},"end":{"line":10,"column":5}},"line":4},"1":{"name":"(anonymous_1)","decl":{"start":{"line":12,"column":4},"end":{"line":12,"column":5}},"loc":{"start":{"line":12,"column":32},"end":{"line":35,"column":3}},"line":12},"2":{"name":"(anonymous_2)","decl":{"start":{"line":37,"column":2},"end":{"line":37,"column":3}},"loc":{"start":{"line":37,"column":17},"end":{"line":53,"column":3}},"line":37},"3":{"name":"(anonymous_3)","decl":{"start":{"line":39,"column":52},"end":{"line":39,"column":53}},"loc":{"start":{"line":39,"column":59},"end":{"line":52,"column":5}},"line":39}},"branchMap":{"0":{"loc":{"start":{"line":25,"column":6},"end":{"line":27,"column":7}},"type":"if","locations":[{"start":{"line":25,"column":6},"end":{"line":27,"column":7}},{"start":{},"end":{}}],"line":25}},"s":{"0":0,"1":0,"2":0,"3":0,"4":0,"5":0,"6":0,"7":0,"8":0,"9":0,"10":0,"11":0,"12":0,"13":0,"14":0,"15":0,"16":0,"17":0,"18":0,"19":0,"20":0},"f":{"0":0,"1":0,"2":0,"3":0},"b":{"0":[0,0]},"_coverageSchema":"1a1c01bbd47fc00a2c39e90264f33305004495a9","hash":"6bda51abe8562afbaa850c4c3cf4dba5e0f25598"}
,"C:\\Users\\PC\\Projects\\kingflix\\src\\pullMovies.js": {"path":"C:\\Users\\PC\\Projects\\kingflix\\src\\pullMovies.js","statementMap":{"0":{"start":{"line":3,"column":4},"end":{"line":3,"column":57}},"1":{"start":{"line":7,"column":4},"end":{"line":13,"column":5}},"2":{"start":{"line":8,"column":23},"end":{"line":8,"column":44}},"3":{"start":{"line":9,"column":21},"end":{"line":9,"column":42}},"4":{"start":{"line":10,"column":6},"end":{"line":10,"column":20}},"5":{"start":{"line":12,"column":4},"end":{"line":12,"column":16}}},"fnMap":{"0":{"name":"(anonymous_0)","decl":{"start":{"line":2,"column":2},"end":{"line":2,"column":3}},"loc":{"start":{"line":2,"column":16},"end":{"line":4,"column":3}},"line":2},"1":{"name":"(anonymous_1)","decl":{"start":{"line":6,"column":2},"end":{"line":6,"column":3}},"loc":{"start":{"line":6,"column":26},"end":{"line":14,"column":3}},"line":6}},"branchMap":{},"s":{"0":0,"1":0,"2":0,"3":0,"4":0,"5":0},"f":{"0":0,"1":0},"b":{},"_coverageSchema":"1a1c01bbd47fc00a2c39e90264f33305004495a9","hash":"6d8728e72d93eec94e11937fee8eb418cc711328"}
,"C:\\Users\\PC\\Projects\\kingflix\\src\\reservations.js": {"path":"C:\\Users\\PC\\Projects\\kingflix\\src\\reservations.js","statementMap":{"0":{"start":{"line":7,"column":4},"end":{"line":7,"column":47}},"1":{"start":{"line":8,"column":4},"end":{"line":8,"column":84}},"2":{"start":{"line":9,"column":4},"end":{"line":9,"column":53}},"3":{"start":{"line":10,"column":4},"end":{"line":10,"column":30}},"4":{"start":{"line":11,"column":4},"end":{"line":11,"column":28}},"5":{"start":{"line":15,"column":29},"end":{"line":15,"column":49}},"6":{"start":{"line":16,"column":26},"end":{"line":16,"column":66}},"7":{"start":{"line":17,"column":29},"end":{"line":17,"column":54}},"8":{"start":{"line":19,"column":32},"end":{"line":19,"column":65}},"9":{"start":{"line":20,"column":4},"end":{"line":20,"column":58}},"10":{"start":{"line":21,"column":4},"end":{"line":44,"column":12}},"11":{"start":{"line":45,"column":4},"end":{"line":45,"column":47}},"12":{"start":{"line":47,"column":33},"end":{"line":47,"column":73}},"13":{"start":{"line":48,"column":4},"end":{"line":48,"column":53}},"14":{"start":{"line":50,"column":32},"end":{"line":50,"column":53}},"15":{"start":{"line":51,"column":4},"end":{"line":51,"column":40}},"16":{"start":{"line":52,"column":4},"end":{"line":52,"column":40}},"17":{"start":{"line":57,"column":33},"end":{"line":57,"column":82}},"18":{"start":{"line":58,"column":4},"end":{"line":60,"column":7}},"19":{"start":{"line":58,"column":43},"end":{"line":60,"column":6}},"20":{"start":{"line":59,"column":4},"end":{"line":59,"column":72}},"21":{"start":{"line":59,"column":43},"end":{"line":59,"column":70}},"22":{"start":{"line":65,"column":4},"end":{"line":65,"column":57}},"23":{"start":{"line":66,"column":32},"end":{"line":66,"column":81}},"24":{"start":{"line":67,"column":4},"end":{"line":67,"column":104}},"25":{"start":{"line":67,"column":42},"end":{"line":67,"column":103}},"26":{"start":{"line":71,"column":30},"end":{"line":71,"column":53}},"27":{"start":{"line":72,"column":4},"end":{"line":72,"column":38}},"28":{"start":{"line":73,"column":31},"end":{"line":73,"column":78}},"29":{"start":{"line":74,"column":34},"end":{"line":74,"column":64}},"30":{"start":{"line":75,"column":33},"end":{"line":75,"column":83}},"31":{"start":{"line":78,"column":4},"end":{"line":78,"column":64}},"32":{"start":{"line":78,"column":43},"end":{"line":78,"column":62}},"33":{"start":{"line":79,"column":4},"end":{"line":79,"column":46}},"34":{"start":{"line":81,"column":4},"end":{"line":87,"column":7}},"35":{"start":{"line":82,"column":26},"end":{"line":82,"column":53}},"36":{"start":{"line":83,"column":6},"end":{"line":83,"column":93}},"37":{"start":{"line":84,"column":6},"end":{"line":86,"column":8}},"38":{"start":{"line":85,"column":8},"end":{"line":85,"column":37}},"39":{"start":{"line":91,"column":22},"end":{"line":91,"column":59}},"40":{"start":{"line":92,"column":4},"end":{"line":97,"column":6}},"41":{"start":{"line":93,"column":6},"end":{"line":96,"column":8}},"42":{"start":{"line":94,"column":8},"end":{"line":94,"column":48}},"43":{"start":{"line":95,"column":8},"end":{"line":95,"column":44}}},"fnMap":{"0":{"name":"(anonymous_0)","decl":{"start":{"line":6,"column":2},"end":{"line":6,"column":3}},"loc":{"start":{"line":6,"column":16},"end":{"line":12,"column":3}},"line":6},"1":{"name":"(anonymous_1)","decl":{"start":{"line":14,"column":2},"end":{"line":14,"column":3}},"loc":{"start":{"line":14,"column":39},"end":{"line":54,"column":3}},"line":14},"2":{"name":"(anonymous_2)","decl":{"start":{"line":56,"column":2},"end":{"line":56,"column":3}},"loc":{"start":{"line":56,"column":46},"end":{"line":61,"column":3}},"line":56},"3":{"name":"(anonymous_3)","decl":{"start":{"line":58,"column":33},"end":{"line":58,"column":34}},"loc":{"start":{"line":58,"column":43},"end":{"line":60,"column":6}},"line":58},"4":{"name":"(anonymous_4)","decl":{"start":{"line":58,"column":74},"end":{"line":58,"column":75}},"loc":{"start":{"line":58,"column":80},"end":{"line":60,"column":5}},"line":58},"5":{"name":"(anonymous_5)","decl":{"start":{"line":59,"column":33},"end":{"line":59,"column":34}},"loc":{"start":{"line":59,"column":43},"end":{"line":59,"column":70}},"line":59},"6":{"name":"(anonymous_6)","decl":{"start":{"line":63,"column":2},"end":{"line":63,"column":3}},"loc":{"start":{"line":63,"column":39},"end":{"line":68,"column":3}},"line":63},"7":{"name":"(anonymous_7)","decl":{"start":{"line":67,"column":32},"end":{"line":67,"column":33}},"loc":{"start":{"line":67,"column":42},"end":{"line":67,"column":103}},"line":67},"8":{"name":"(anonymous_8)","decl":{"start":{"line":70,"column":2},"end":{"line":70,"column":3}},"loc":{"start":{"line":70,"column":35},"end":{"line":88,"column":3}},"line":70},"9":{"name":"(anonymous_9)","decl":{"start":{"line":78,"column":33},"end":{"line":78,"column":34}},"loc":{"start":{"line":78,"column":43},"end":{"line":78,"column":62}},"line":78},"10":{"name":"(anonymous_10)","decl":{"start":{"line":81,"column":34},"end":{"line":81,"column":35}},"loc":{"start":{"line":81,"column":44},"end":{"line":87,"column":5}},"line":81},"11":{"name":"(anonymous_11)","decl":{"start":{"line":84,"column":35},"end":{"line":84,"column":36}},"loc":{"start":{"line":84,"column":45},"end":{"line":86,"column":7}},"line":84},"12":{"name":"(anonymous_12)","decl":{"start":{"line":90,"column":4},"end":{"line":90,"column":5}},"loc":{"start":{"line":90,"column":23},"end":{"line":98,"column":3}},"line":90},"13":{"name":"(anonymous_13)","decl":{"start":{"line":92,"column":22},"end":{"line":92,"column":23}},"loc":{"start":{"line":92,"column":43},"end":{"line":97,"column":5}},"line":92},"14":{"name":"(anonymous_14)","decl":{"start":{"line":93,"column":37},"end":{"line":93,"column":38}},"loc":{"start":{"line":93,"column":43},"end":{"line":96,"column":7}},"line":93}},"branchMap":{},"s":{"0":1,"1":1,"2":1,"3":1,"4":1,"5":0,"6":0,"7":0,"8":0,"9":0,"10":0,"11":0,"12":0,"13":0,"14":0,"15":0,"16":0,"17":0,"18":0,"19":0,"20":0,"21":0,"22":1,"23":1,"24":1,"25":1,"26":1,"27":1,"28":1,"29":1,"30":1,"31":1,"32":1,"33":1,"34":1,"35":3,"36":3,"37":3,"38":3,"39":1,"40":1,"41":0,"42":0,"43":0},"f":{"0":1,"1":0,"2":0,"3":0,"4":0,"5":0,"6":1,"7":1,"8":1,"9":1,"10":3,"11":3,"12":1,"13":0,"14":0},"b":{},"_coverageSchema":"1a1c01bbd47fc00a2c39e90264f33305004495a9","hash":"6ae88b180a8ab5f02a9a1cf6414f0960a2a61969"}
}
