{"C:\\Users\\PC\\Projects\\kingflix\\src\\reservationModal\\displayReservation.js": {"path":"C:\\Users\\PC\\Projects\\kingflix\\src\\reservationModal\\displayReservation.js","statementMap":{"0":{"start":{"line":5,"column":4},"end":{"line":5,"column":30}},"1":{"start":{"line":10,"column":4},"end":{"line":10,"column":57}},"2":{"start":{"line":11,"column":32},"end":{"line":11,"column":81}},"3":{"start":{"line":12,"column":4},"end":{"line":14,"column":7}},"4":{"start":{"line":13,"column":6},"end":{"line":13,"column":68}},"5":{"start":{"line":18,"column":30},"end":{"line":18,"column":53}},"6":{"start":{"line":19,"column":4},"end":{"line":19,"column":38}},"7":{"start":{"line":20,"column":31},"end":{"line":20,"column":78}},"8":{"start":{"line":21,"column":34},"end":{"line":21,"column":64}},"9":{"start":{"line":22,"column":33},"end":{"line":22,"column":83}},"10":{"start":{"line":25,"column":4},"end":{"line":27,"column":7}},"11":{"start":{"line":26,"column":6},"end":{"line":26,"column":26}},"12":{"start":{"line":28,"column":4},"end":{"line":28,"column":46}},"13":{"start":{"line":30,"column":4},"end":{"line":36,"column":7}},"14":{"start":{"line":31,"column":26},"end":{"line":31,"column":53}},"15":{"start":{"line":32,"column":6},"end":{"line":32,"column":92}},"16":{"start":{"line":33,"column":6},"end":{"line":35,"column":9}},"17":{"start":{"line":34,"column":8},"end":{"line":34,"column":38}}},"fnMap":{"0":{"name":"(anonymous_0)","decl":{"start":{"line":4,"column":2},"end":{"line":4,"column":3}},"loc":{"start":{"line":4,"column":16},"end":{"line":6,"column":3}},"line":4},"1":{"name":"(anonymous_1)","decl":{"start":{"line":8,"column":2},"end":{"line":8,"column":3}},"loc":{"start":{"line":8,"column":39},"end":{"line":15,"column":3}},"line":8},"2":{"name":"(anonymous_2)","decl":{"start":{"line":12,"column":32},"end":{"line":12,"column":33}},"loc":{"start":{"line":12,"column":42},"end":{"line":14,"column":5}},"line":12},"3":{"name":"(anonymous_3)","decl":{"start":{"line":17,"column":2},"end":{"line":17,"column":3}},"loc":{"start":{"line":17,"column":35},"end":{"line":37,"column":3}},"line":17},"4":{"name":"(anonymous_4)","decl":{"start":{"line":25,"column":33},"end":{"line":25,"column":34}},"loc":{"start":{"line":25,"column":43},"end":{"line":27,"column":5}},"line":25},"5":{"name":"(anonymous_5)","decl":{"start":{"line":30,"column":34},"end":{"line":30,"column":35}},"loc":{"start":{"line":30,"column":44},"end":{"line":36,"column":5}},"line":30},"6":{"name":"(anonymous_6)","decl":{"start":{"line":33,"column":35},"end":{"line":33,"column":36}},"loc":{"start":{"line":33,"column":45},"end":{"line":35,"column":7}},"line":33}},"branchMap":{},"s":{"0":0,"1":0,"2":0,"3":0,"4":0,"5":0,"6":0,"7":0,"8":0,"9":0,"10":0,"11":0,"12":0,"13":0,"14":0,"15":0,"16":0,"17":0},"f":{"0":0,"1":0,"2":0,"3":0,"4":0,"5":0,"6":0},"b":{},"_coverageSchema":"1a1c01bbd47fc00a2c39e90264f33305004495a9","hash":"9e0adcdaad34c7648f71d0cf206487ba68b45c82"}
,"C:\\Users\\PC\\Projects\\kingflix\\src\\reservationModal\\postReservation.js": {"path":"C:\\Users\\PC\\Projects\\kingflix\\src\\reservationModal\\postReservation.js","statementMap":{"0":{"start":{"line":5,"column":4},"end":{"line":5,"column":73}},"1":{"start":{"line":6,"column":4},"end":{"line":6,"column":56}},"2":{"start":{"line":7,"column":4},"end":{"line":7,"column":58}},"3":{"start":{"line":8,"column":4},"end":{"line":8,"column":54}},"4":{"start":{"line":9,"column":4},"end":{"line":9,"column":21}},"5":{"start":{"line":10,"column":4},"end":{"line":10,"column":25}},"6":{"start":{"line":14,"column":4},"end":{"line":38,"column":5}},"7":{"start":{"line":15,"column":19},"end":{"line":20,"column":7}},"8":{"start":{"line":22,"column":23},"end":{"line":31,"column":7}},"9":{"start":{"line":33,"column":6},"end":{"line":35,"column":7}},"10":{"start":{"line":37,"column":6},"end":{"line":37,"column":40}},"11":{"start":{"line":41,"column":29},"end":{"line":41,"column":51}},"12":{"start":{"line":42,"column":4},"end":{"line":42,"column":55}},"13":{"start":{"line":46,"column":26},"end":{"line":46,"column":61}},"14":{"start":{"line":47,"column":27},"end":{"line":47,"column":63}},"15":{"start":{"line":48,"column":25},"end":{"line":48,"column":59}},"16":{"start":{"line":49,"column":4},"end":{"line":59,"column":8}},"17":{"start":{"line":49,"column":43},"end":{"line":59,"column":6}},"18":{"start":{"line":50,"column":6},"end":{"line":50,"column":25}},"19":{"start":{"line":52,"column":22},"end":{"line":52,"column":43}},"20":{"start":{"line":53,"column":23},"end":{"line":53,"column":42}},"21":{"start":{"line":54,"column":25},"end":{"line":54,"column":45}},"22":{"start":{"line":55,"column":23},"end":{"line":55,"column":41}},"23":{"start":{"line":57,"column":6},"end":{"line":57,"column":68}},"24":{"start":{"line":58,"column":6},"end":{"line":58,"column":58}}},"fnMap":{"0":{"name":"(anonymous_0)","decl":{"start":{"line":4,"column":2},"end":{"line":4,"column":3}},"loc":{"start":{"line":4,"column":16},"end":{"line":11,"column":3}},"line":4},"1":{"name":"(anonymous_1)","decl":{"start":{"line":13,"column":2},"end":{"line":13,"column":3}},"loc":{"start":{"line":13,"column":65},"end":{"line":43,"column":3}},"line":13},"2":{"name":"(anonymous_2)","decl":{"start":{"line":45,"column":2},"end":{"line":45,"column":3}},"loc":{"start":{"line":45,"column":18},"end":{"line":62,"column":3}},"line":45},"3":{"name":"(anonymous_3)","decl":{"start":{"line":49,"column":33},"end":{"line":49,"column":34}},"loc":{"start":{"line":49,"column":43},"end":{"line":59,"column":6}},"line":49},"4":{"name":"(anonymous_4)","decl":{"start":{"line":49,"column":75},"end":{"line":49,"column":76}},"loc":{"start":{"line":49,"column":82},"end":{"line":59,"column":5}},"line":49}},"branchMap":{"0":{"loc":{"start":{"line":33,"column":6},"end":{"line":35,"column":7}},"type":"if","locations":[{"start":{"line":33,"column":6},"end":{"line":35,"column":7}},{"start":{},"end":{}}],"line":33}},"s":{"0":0,"1":0,"2":0,"3":0,"4":0,"5":0,"6":0,"7":0,"8":0,"9":0,"10":0,"11":0,"12":0,"13":0,"14":0,"15":0,"16":0,"17":0,"18":0,"19":0,"20":0,"21":0,"22":0,"23":0,"24":0},"f":{"0":0,"1":0,"2":0,"3":0,"4":0},"b":{"0":[0,0]},"_coverageSchema":"1a1c01bbd47fc00a2c39e90264f33305004495a9","hash":"d4d15af84dca9dcd920b7f20d935cd6e9c333364"}
,"C:\\Users\\PC\\Projects\\kingflix\\src\\reservationModal\\pullMovies.js": {"path":"C:\\Users\\PC\\Projects\\kingflix\\src\\reservationModal\\pullMovies.js","statementMap":{"0":{"start":{"line":3,"column":4},"end":{"line":3,"column":57}},"1":{"start":{"line":7,"column":4},"end":{"line":13,"column":5}},"2":{"start":{"line":8,"column":23},"end":{"line":8,"column":44}},"3":{"start":{"line":9,"column":21},"end":{"line":9,"column":42}},"4":{"start":{"line":10,"column":6},"end":{"line":10,"column":20}},"5":{"start":{"line":12,"column":6},"end":{"line":12,"column":18}}},"fnMap":{"0":{"name":"(anonymous_0)","decl":{"start":{"line":2,"column":2},"end":{"line":2,"column":3}},"loc":{"start":{"line":2,"column":16},"end":{"line":4,"column":3}},"line":2},"1":{"name":"(anonymous_1)","decl":{"start":{"line":6,"column":2},"end":{"line":6,"column":3}},"loc":{"start":{"line":6,"column":26},"end":{"line":14,"column":3}},"line":6}},"branchMap":{},"s":{"0":0,"1":0,"2":0,"3":0,"4":0,"5":0},"f":{"0":0,"1":0},"b":{},"_coverageSchema":"1a1c01bbd47fc00a2c39e90264f33305004495a9","hash":"fd36abdb17e0b0774a04607ba466987fc8f6227f"}
,"C:\\Users\\PC\\Projects\\kingflix\\src\\reservationModal\\reservations.js": {"path":"C:\\Users\\PC\\Projects\\kingflix\\src\\reservationModal\\reservations.js","statementMap":{"0":{"start":{"line":7,"column":4},"end":{"line":7,"column":47}},"1":{"start":{"line":8,"column":4},"end":{"line":8,"column":84}},"2":{"start":{"line":9,"column":4},"end":{"line":9,"column":53}},"3":{"start":{"line":10,"column":4},"end":{"line":10,"column":30}},"4":{"start":{"line":11,"column":4},"end":{"line":11,"column":28}},"5":{"start":{"line":15,"column":29},"end":{"line":15,"column":49}},"6":{"start":{"line":16,"column":26},"end":{"line":16,"column":66}},"7":{"start":{"line":17,"column":29},"end":{"line":17,"column":54}},"8":{"start":{"line":19,"column":32},"end":{"line":19,"column":65}},"9":{"start":{"line":20,"column":4},"end":{"line":20,"column":58}},"10":{"start":{"line":21,"column":4},"end":{"line":44,"column":12}},"11":{"start":{"line":45,"column":4},"end":{"line":45,"column":47}},"12":{"start":{"line":47,"column":33},"end":{"line":47,"column":73}},"13":{"start":{"line":48,"column":4},"end":{"line":48,"column":53}},"14":{"start":{"line":50,"column":32},"end":{"line":50,"column":53}},"15":{"start":{"line":51,"column":4},"end":{"line":51,"column":40}},"16":{"start":{"line":55,"column":4},"end":{"line":55,"column":82}},"17":{"start":{"line":56,"column":4},"end":{"line":62,"column":7}},"18":{"start":{"line":57,"column":6},"end":{"line":61,"column":9}},"19":{"start":{"line":58,"column":8},"end":{"line":60,"column":11}},"20":{"start":{"line":59,"column":10},"end":{"line":59,"column":38}},"21":{"start":{"line":67,"column":4},"end":{"line":67,"column":57}},"22":{"start":{"line":68,"column":32},"end":{"line":68,"column":81}},"23":{"start":{"line":69,"column":4},"end":{"line":71,"column":7}},"24":{"start":{"line":70,"column":6},"end":{"line":70,"column":68}},"25":{"start":{"line":75,"column":30},"end":{"line":75,"column":53}},"26":{"start":{"line":76,"column":4},"end":{"line":76,"column":38}},"27":{"start":{"line":77,"column":31},"end":{"line":77,"column":78}},"28":{"start":{"line":78,"column":34},"end":{"line":78,"column":64}},"29":{"start":{"line":79,"column":33},"end":{"line":79,"column":83}},"30":{"start":{"line":82,"column":4},"end":{"line":84,"column":7}},"31":{"start":{"line":83,"column":6},"end":{"line":83,"column":26}},"32":{"start":{"line":85,"column":4},"end":{"line":85,"column":46}},"33":{"start":{"line":87,"column":4},"end":{"line":93,"column":7}},"34":{"start":{"line":88,"column":26},"end":{"line":88,"column":53}},"35":{"start":{"line":89,"column":6},"end":{"line":89,"column":92}},"36":{"start":{"line":90,"column":6},"end":{"line":92,"column":9}},"37":{"start":{"line":91,"column":8},"end":{"line":91,"column":38}},"38":{"start":{"line":97,"column":22},"end":{"line":97,"column":59}},"39":{"start":{"line":98,"column":4},"end":{"line":103,"column":7}},"40":{"start":{"line":99,"column":6},"end":{"line":102,"column":9}},"41":{"start":{"line":100,"column":8},"end":{"line":100,"column":48}},"42":{"start":{"line":101,"column":8},"end":{"line":101,"column":44}}},"fnMap":{"0":{"name":"(anonymous_0)","decl":{"start":{"line":6,"column":2},"end":{"line":6,"column":3}},"loc":{"start":{"line":6,"column":16},"end":{"line":12,"column":3}},"line":6},"1":{"name":"(anonymous_1)","decl":{"start":{"line":14,"column":2},"end":{"line":14,"column":3}},"loc":{"start":{"line":14,"column":39},"end":{"line":52,"column":3}},"line":14},"2":{"name":"(anonymous_2)","decl":{"start":{"line":54,"column":2},"end":{"line":54,"column":3}},"loc":{"start":{"line":54,"column":46},"end":{"line":63,"column":3}},"line":54},"3":{"name":"(anonymous_3)","decl":{"start":{"line":56,"column":33},"end":{"line":56,"column":34}},"loc":{"start":{"line":56,"column":43},"end":{"line":62,"column":5}},"line":56},"4":{"name":"(anonymous_4)","decl":{"start":{"line":57,"column":37},"end":{"line":57,"column":38}},"loc":{"start":{"line":57,"column":43},"end":{"line":61,"column":7}},"line":57},"5":{"name":"(anonymous_5)","decl":{"start":{"line":58,"column":42},"end":{"line":58,"column":43}},"loc":{"start":{"line":58,"column":52},"end":{"line":60,"column":9}},"line":58},"6":{"name":"(anonymous_6)","decl":{"start":{"line":65,"column":2},"end":{"line":65,"column":3}},"loc":{"start":{"line":65,"column":39},"end":{"line":72,"column":3}},"line":65},"7":{"name":"(anonymous_7)","decl":{"start":{"line":69,"column":32},"end":{"line":69,"column":33}},"loc":{"start":{"line":69,"column":42},"end":{"line":71,"column":5}},"line":69},"8":{"name":"(anonymous_8)","decl":{"start":{"line":74,"column":2},"end":{"line":74,"column":3}},"loc":{"start":{"line":74,"column":35},"end":{"line":94,"column":3}},"line":74},"9":{"name":"(anonymous_9)","decl":{"start":{"line":82,"column":33},"end":{"line":82,"column":34}},"loc":{"start":{"line":82,"column":43},"end":{"line":84,"column":5}},"line":82},"10":{"name":"(anonymous_10)","decl":{"start":{"line":87,"column":34},"end":{"line":87,"column":35}},"loc":{"start":{"line":87,"column":44},"end":{"line":93,"column":5}},"line":87},"11":{"name":"(anonymous_11)","decl":{"start":{"line":90,"column":35},"end":{"line":90,"column":36}},"loc":{"start":{"line":90,"column":45},"end":{"line":92,"column":7}},"line":90},"12":{"name":"(anonymous_12)","decl":{"start":{"line":96,"column":2},"end":{"line":96,"column":3}},"loc":{"start":{"line":96,"column":21},"end":{"line":104,"column":3}},"line":96},"13":{"name":"(anonymous_13)","decl":{"start":{"line":98,"column":22},"end":{"line":98,"column":23}},"loc":{"start":{"line":98,"column":43},"end":{"line":103,"column":5}},"line":98},"14":{"name":"(anonymous_14)","decl":{"start":{"line":99,"column":37},"end":{"line":99,"column":38}},"loc":{"start":{"line":99,"column":43},"end":{"line":102,"column":7}},"line":99}},"branchMap":{},"s":{"0":1,"1":1,"2":1,"3":1,"4":1,"5":0,"6":0,"7":0,"8":0,"9":0,"10":0,"11":0,"12":0,"13":0,"14":0,"15":0,"16":0,"17":0,"18":0,"19":0,"20":0,"21":1,"22":1,"23":1,"24":1,"25":1,"26":1,"27":1,"28":1,"29":1,"30":1,"31":1,"32":1,"33":1,"34":3,"35":3,"36":3,"37":3,"38":1,"39":1,"40":0,"41":0,"42":0},"f":{"0":1,"1":0,"2":0,"3":0,"4":0,"5":0,"6":1,"7":1,"8":1,"9":1,"10":3,"11":3,"12":1,"13":0,"14":0},"b":{},"_coverageSchema":"1a1c01bbd47fc00a2c39e90264f33305004495a9","hash":"39611ec336c3955478c2ee50210fd0847905053c"}
}
