TN:
SF:src\reservationModal\displayReservation.js
FN:4,(anonymous_0)
FN:8,(anonymous_1)
FN:12,(anonymous_2)
FN:17,(anonymous_3)
FN:25,(anonymous_4)
FN:30,(anonymous_5)
FN:33,(anonymous_6)
FNF:7
FNH:0
FNDA:0,(anonymous_0)
FNDA:0,(anonymous_1)
FNDA:0,(anonymous_2)
FNDA:0,(anonymous_3)
FNDA:0,(anonymous_4)
FNDA:0,(anonymous_5)
FNDA:0,(anonymous_6)
DA:5,0
DA:10,0
DA:11,0
DA:12,0
DA:13,0
DA:18,0
DA:19,0
DA:20,0
DA:21,0
DA:22,0
DA:25,0
DA:26,0
DA:28,0
DA:30,0
DA:31,0
DA:32,0
DA:33,0
DA:34,0
LF:18
LH:0
BRF:0
BRH:0
end_of_record
TN:
SF:src\reservationModal\postReservation.js
FN:4,(anonymous_0)
FN:13,(anonymous_1)
FN:45,(anonymous_2)
FN:49,(anonymous_3)
FN:49,(anonymous_4)
FNF:5
FNH:0
FNDA:0,(anonymous_0)
FNDA:0,(anonymous_1)
FNDA:0,(anonymous_2)
FNDA:0,(anonymous_3)
FNDA:0,(anonymous_4)
DA:5,0
DA:6,0
DA:7,0
DA:8,0
DA:9,0
DA:10,0
DA:14,0
DA:15,0
DA:22,0
DA:33,0
DA:37,0
DA:41,0
DA:42,0
DA:46,0
DA:47,0
DA:48,0
DA:49,0
DA:50,0
DA:52,0
DA:53,0
DA:54,0
DA:55,0
DA:57,0
DA:58,0
LF:24
LH:0
BRDA:33,0,0,0
BRDA:33,0,1,0
BRF:2
BRH:0
end_of_record
TN:
SF:src\reservationModal\pullMovies.js
FN:2,(anonymous_0)
FN:6,(anonymous_1)
FNF:2
FNH:0
FNDA:0,(anonymous_0)
FNDA:0,(anonymous_1)
DA:3,0
DA:7,0
DA:8,0
DA:9,0
DA:10,0
DA:12,0
LF:6
LH:0
BRF:0
BRH:0
end_of_record
TN:
SF:src\reservationModal\reservations.js
FN:6,(anonymous_0)
FN:14,(anonymous_1)
FN:54,(anonymous_2)
FN:56,(anonymous_3)
FN:57,(anonymous_4)
FN:58,(anonymous_5)
FN:65,(anonymous_6)
FN:69,(anonymous_7)
FN:74,(anonymous_8)
FN:82,(anonymous_9)
FN:87,(anonymous_10)
FN:90,(anonymous_11)
FN:96,(anonymous_12)
FN:98,(anonymous_13)
FN:99,(anonymous_14)
FNF:15
FNH:8
FNDA:1,(anonymous_0)
FNDA:0,(anonymous_1)
FNDA:0,(anonymous_2)
FNDA:0,(anonymous_3)
FNDA:0,(anonymous_4)
FNDA:0,(anonymous_5)
FNDA:1,(anonymous_6)
FNDA:1,(anonymous_7)
FNDA:1,(anonymous_8)
FNDA:1,(anonymous_9)
FNDA:3,(anonymous_10)
FNDA:3,(anonymous_11)
FNDA:1,(anonymous_12)
FNDA:0,(anonymous_13)
FNDA:0,(anonymous_14)
DA:7,1
DA:8,1
DA:9,1
DA:10,1
DA:11,1
DA:15,0
DA:16,0
DA:17,0
DA:19,0
DA:20,0
DA:21,0
DA:45,0
DA:47,0
DA:48,0
DA:50,0
DA:51,0
DA:55,0
DA:56,0
DA:57,0
DA:58,0
DA:59,0
DA:67,1
DA:68,1
DA:69,1
DA:70,1
DA:75,1
DA:76,1
DA:77,1
DA:78,1
DA:79,1
DA:82,1
DA:83,1
DA:85,1
DA:87,1
DA:88,3
DA:89,3
DA:90,3
DA:91,3
DA:97,1
DA:98,1
DA:99,0
DA:100,0
DA:101,0
LF:43
LH:24
BRF:0
BRH:0
end_of_record
