TN:
SF:src/comments.js
FN:1,(anonymous_0)
FN:18,(anonymous_1)
FNF:2
FNH:0
FNDA:0,(anonymous_0)
FNDA:0,(anonymous_1)
DA:1,1
DA:2,0
DA:3,0
DA:7,0
DA:8,0
DA:11,0
DA:12,0
DA:14,0
DA:18,1
DA:19,0
DA:20,0
DA:35,0
DA:38,0
DA:41,0
LF:14
LH:2
BRDA:7,0,0,0
BRDA:7,0,1,0
BRDA:35,1,0,0
BRDA:35,1,1,0
BRF:4
BRH:0
end_of_record
TN:
SF:src/modal.js
FN:3,(anonymous_0)
FN:72,(anonymous_1)
FN:79,(anonymous_2)
FN:90,(anonymous_3)
FN:93,(anonymous_4)
FN:100,(anonymous_5)
FN:105,(anonymous_6)
FNF:7
FNH:3
FNDA:1,(anonymous_0)
FNDA:1,(anonymous_1)
FNDA:3,(anonymous_2)
FNDA:0,(anonymous_3)
FNDA:0,(anonymous_4)
FNDA:0,(anonymous_5)
FNDA:0,(anonymous_6)
DA:3,1
DA:5,1
DA:6,1
DA:7,1
DA:8,1
DA:9,1
DA:10,1
DA:11,1
DA:12,1
DA:13,1
DA:14,1
DA:15,1
DA:16,1
DA:17,1
DA:18,1
DA:19,1
DA:20,1
DA:21,1
DA:22,1
DA:23,1
DA:24,1
DA:25,1
DA:26,1
DA:27,1
DA:28,1
DA:29,1
DA:30,1
DA:31,1
DA:32,1
DA:33,1
DA:34,1
DA:35,1
DA:36,1
DA:37,1
DA:38,1
DA:39,1
DA:40,1
DA:41,1
DA:42,1
DA:43,1
DA:44,1
DA:45,1
DA:48,1
DA:49,1
DA:50,1
DA:51,1
DA:52,1
DA:53,1
DA:54,1
DA:55,1
DA:56,1
DA:57,1
DA:58,1
DA:59,1
DA:60,1
DA:61,1
DA:62,1
DA:63,1
DA:64,1
DA:67,1
DA:68,1
DA:69,1
DA:72,1
DA:73,1
DA:74,1
DA:75,1
DA:76,1
DA:77,1
DA:79,1
DA:80,3
DA:81,3
DA:82,3
DA:90,1
DA:91,0
DA:93,1
DA:94,0
DA:95,0
DA:100,1
DA:101,0
DA:105,1
DA:106,0
DA:107,0
DA:108,0
DA:110,0
DA:111,0
DA:112,0
DA:113,0
DA:114,0
DA:121,1
DA:124,1
LF:90
LH:78
BRDA:94,0,0,0
BRDA:94,0,1,0
BRF:2
BRH:0
end_of_record
